<?xml version="1.0" encoding="UTF-8"?>
<!-- Generated by org.testng.reporters.JUnitReportReporter -->
<testsuite hostname="DESKTOP-K41M44F" failures="0" tests="1" name="ValiantPet.PopularProducts" time="33.328" errors="0" timestamp="2024-12-19T12:48:35 IST" skipped="0">
  <testcase classname="ValiantPet.PopularProducts" name="SigninTest" time="33.328"/>
</testsuite> <!-- ValiantPet.PopularProducts -->
