<?xml version="1.0" encoding="UTF-8"?>
<!-- Generated by org.testng.reporters.JUnitReportReporter -->
<testsuite hostname="DESKTOP-K41M44F" failures="0" tests="1" name="ValiantPet.QuickView" time="21.858" errors="0" timestamp="2024-12-04T11:57:55 IST" skipped="0">
  <testcase classname="ValiantPet.QuickView" name="SigninTest" time="21.858"/>
</testsuite> <!-- ValiantPet.QuickView -->
