<?xml version="1.0" encoding="UTF-8"?>
<!-- Generated by org.testng.reporters.JUnitReportReporter -->
<testsuite hostname="DESKTOP-K41M44F" failures="0" tests="1" name="ValiantPet.AccountPage" time="98.079" errors="0" timestamp="2024-12-17T17:42:05 IST" skipped="0">
  <testcase classname="ValiantPet.AccountPage" name="SigninTest" time="98.079"/>
</testsuite> <!-- ValiantPet.AccountPage -->
