<?xml version="1.0" encoding="UTF-8"?>
<!-- Generated by org.testng.reporters.JUnitReportReporter -->
<testsuite hostname="DESKTOP-K41M44F" failures="0" tests="8" name="ValiantPet.CMSPage" time="74.813" errors="0" timestamp="2024-12-03T10:26:06 IST" skipped="0">
  <testcase classname="ValiantPet.CMSPage" name="navigateToWebsite" time="1.941"/>
  <testcase classname="ValiantPet.CMSPage" name="handlePopup" time="4.200"/>
  <testcase classname="ValiantPet.CMSPage" name="ShippingReturnsPage" time="12.278"/>
  <testcase classname="ValiantPet.CMSPage" name="AboutPage" time="12.228"/>
  <testcase classname="ValiantPet.CMSPage" name="BirdcagesandaccessoriesPage" time="7.875"/>
  <testcase classname="ValiantPet.CMSPage" name="ContactPage" time="12.225"/>
  <testcase classname="ValiantPet.CMSPage" name="TermsConditionPage" time="12.040"/>
  <testcase classname="ValiantPet.CMSPage" name="FaqsPage" time="12.026"/>
</testsuite> <!-- ValiantPet.CMSPage -->
