<?xml version="1.0" encoding="UTF-8"?>
<!-- Generated by org.testng.reporters.JUnitReportReporter -->
<testsuite hostname="DESKTOP-K41M44F" failures="0" tests="1" name="ValiantPet.SearchbarPage" time="3.103" errors="0" timestamp="2024-12-05T17:56:52 IST" skipped="0">
  <testcase classname="ValiantPet.SearchbarPage" name="SigninTest" time="3.103"/>
</testsuite> <!-- ValiantPet.SearchbarPage -->
