<?xml version="1.0" encoding="UTF-8"?>
<!-- Generated by org.testng.reporters.JUnitReportReporter -->
<testsuite hostname="DESKTOP-K41M44F" failures="0" tests="1" name="ValiantPet.SignInPage" time="22.267" errors="0" timestamp="2024-12-17T17:26:28 IST" skipped="0">
  <testcase classname="ValiantPet.SignInPage" name="SigninTest" time="22.267"/>
</testsuite> <!-- ValiantPet.SignInPage -->
