<?xml version="1.0" encoding="UTF-8"?>
<!-- Generated by org.testng.reporters.JUnitReportReporter -->
<testsuite hostname="DESKTOP-K41M44F" failures="0" tests="1" name="ValiantPet.CampareList" time="20.869" errors="0" timestamp="2024-12-19T11:34:09 IST" skipped="0">
  <testcase classname="ValiantPet.CampareList" name="SigninTest" time="20.869"/>
</testsuite> <!-- ValiantPet.CampareList -->
