<?xml version="1.0" encoding="UTF-8"?>
<!-- Generated by org.testng.reporters.JUnitReportReporter -->
<testsuite hostname="DESKTOP-K41M44F" failures="0" tests="34" name="ValiantPet.CategoriesPage" time="320.738" errors="0" timestamp="2024-12-02T16:35:19 IST" skipped="0">
  <testcase classname="ValiantPet.CategoriesPage" name="navigateToWebsite" time="4.715"/>
  <testcase classname="ValiantPet.CategoriesPage" name="handlePopup" time="2.330"/>
  <testcase classname="ValiantPet.CategoriesPage" name="BirdSuppliesPage" time="11.254"/>
  <testcase classname="ValiantPet.CategoriesPage" name="AllBirdSuppliesPage" time="10.324"/>
  <testcase classname="ValiantPet.CategoriesPage" name="BirdcagesandaccessoriesPage" time="6.909"/>
  <testcase classname="ValiantPet.CategoriesPage" name="BirdtoysandperchesPage" time="7.610"/>
  <testcase classname="ValiantPet.CategoriesPage" name="BirdtreatsandsupplementsPage" time="8.328"/>
  <testcase classname="ValiantPet.CategoriesPage" name="CatSuppliesPage" time="10.850"/>
  <testcase classname="ValiantPet.CategoriesPage" name="AllCatSuppliesPage" time="10.336"/>
  <testcase classname="ValiantPet.CategoriesPage" name="CatbedsandfurniturePage" time="10.674"/>
  <testcase classname="ValiantPet.CategoriesPage" name="CatcollarsandharnessesPage" time="10.172"/>
  <testcase classname="ValiantPet.CategoriesPage" name="CatfoodPage" time="10.870"/>
  <testcase classname="ValiantPet.CategoriesPage" name="CatgroomingproductsPage" time="10.198"/>
  <testcase classname="ValiantPet.CategoriesPage" name="CathealthandwellnessproductsPage" time="10.271"/>
  <testcase classname="ValiantPet.CategoriesPage" name="CatlitterandlitterboxesPage" time="10.799"/>
  <testcase classname="ValiantPet.CategoriesPage" name="CattoysPage" time="8.468"/>
  <testcase classname="ValiantPet.CategoriesPage" name="DogSuppliesPage" time="11.993"/>
  <testcase classname="ValiantPet.CategoriesPage" name="AllDogSuppliesPage" time="11.000"/>
  <testcase classname="ValiantPet.CategoriesPage" name="DogbedsandcratesPage" time="10.176"/>
  <testcase classname="ValiantPet.CategoriesPage" name="DogcollarsleashesandharnessesPage" time="10.534"/>
  <testcase classname="ValiantPet.CategoriesPage" name="DogfoodPage" time="10.766"/>
  <testcase classname="ValiantPet.CategoriesPage" name="DogtoysPage" time="10.896"/>
  <testcase classname="ValiantPet.CategoriesPage" name="DoggroomingproductsPage" time="10.965"/>
  <testcase classname="ValiantPet.CategoriesPage" name="DogtrainingsuppliesPage" time="10.281"/>
  <testcase classname="ValiantPet.CategoriesPage" name="DoghealthandwellnessproductsPage" time="9.431"/>
  <testcase classname="ValiantPet.CategoriesPage" name="TreatsandsnacksPage" time="9.489"/>
  <testcase classname="ValiantPet.CategoriesPage" name="FishSuppliesPage" time="11.670"/>
  <testcase classname="ValiantPet.CategoriesPage" name="AllFishSuppliesPage" time="10.303"/>
  <testcase classname="ValiantPet.CategoriesPage" name="FishaccessoriesandmaintenancesuppliesPage" time="7.224"/>
  <testcase classname="ValiantPet.CategoriesPage" name="FishmedicationsandwatertreatmentsPage" time="7.818"/>
  <testcase classname="ValiantPet.CategoriesPage" name="PetServicesPage" time="10.032"/>
  <testcase classname="ValiantPet.CategoriesPage" name="AllPetServicesPage" time="8.599"/>
  <testcase classname="ValiantPet.CategoriesPage" name="PetgroomingservicesPage" time="7.411"/>
  <testcase classname="ValiantPet.CategoriesPage" name="PettrainingservicesPage" time="8.042"/>
</testsuite> <!-- ValiantPet.CategoriesPage -->
